
*** Running vivado
    with args -log UART_TX.vds -m64 -product Vivado -mode batch -messageDb vivado.pb -notrace -source UART_TX.tcl


****** Vivado v2018.3 (64-bit)
  **** SW Build 2405991 on Thu Dec  6 23:38:27 MST 2018
  **** IP Build 2404404 on Fri Dec  7 01:43:56 MST 2018
    ** Copyright 1986-2018 Xilinx, Inc. All Rights Reserved.

source UART_TX.tcl -notrace
Command: synth_design -top UART_TX -part xc7a35tcpg236-1
Starting synth_design
Attempting to get a license for feature 'Synthesis' and/or device 'xc7a35t'
INFO: [Common 17-349] Got license for feature 'Synthesis' and/or device 'xc7a35t'
INFO: Launching helper process for spawning children vivado processes
INFO: Helper process launched with PID 1732 
---------------------------------------------------------------------------------
Starting RTL Elaboration : Time (s): cpu = 00:00:02 ; elapsed = 00:00:02 . Memory (MB): peak = 359.586 ; gain = 100.785
---------------------------------------------------------------------------------
INFO: [Synth 8-6157] synthesizing module 'UART_TX' [C:/Users/Colton/Vivado/UART_TX/UART_TX.srcs/sources_1/new/UART_TX.v:31]
	Parameter idle bound to: 2'b00 
	Parameter start bound to: 2'b01 
	Parameter out bound to: 2'b10 
	Parameter stop bound to: 2'b11 
	Parameter idle_bit bound to: 1 - type: integer 
	Parameter start_bit bound to: 0 - type: integer 
	Parameter stop_bit bound to: 1 - type: integer 
	Parameter max_counter bound to: 10415 - type: integer 
INFO: [Synth 8-226] default block is never used [C:/Users/Colton/Vivado/UART_TX/UART_TX.srcs/sources_1/new/UART_TX.v:90]
WARNING: [Synth 8-6014] Unused sequential element bit_reg was removed.  [C:/Users/Colton/Vivado/UART_TX/UART_TX.srcs/sources_1/new/UART_TX.v:99]
INFO: [Synth 8-4471] merging register 'current_state_reg[1:0]' into 'next_state_reg[1:0]' [C:/Users/Colton/Vivado/UART_TX/UART_TX.srcs/sources_1/new/UART_TX.v:90]
WARNING: [Synth 8-6014] Unused sequential element current_state_reg was removed.  [C:/Users/Colton/Vivado/UART_TX/UART_TX.srcs/sources_1/new/UART_TX.v:90]
